<?xml version="1.0" encoding="utf-8"?><testsuites name="pytest tests"><testsuite name="pytest" errors="6" failures="5" skipped="0" tests="34" time="5.113" timestamp="2026-02-16T19:13:09.823544-05:00" hostname="Mac"><properties><property name="hypothesis-statistics-test_payguard_comprehensive_features.py::TestPayGuardFeatureTesterProperties::test_log_result_test_name_property" value="dGVzdF9wYXlndWFyZF9jb21wcmVoZW5zaXZlX2ZlYXR1cmVzLnB5OjpUZXN0UGF5R3VhcmRGZWF0dXJlVGVzdGVyUHJvcGVydGllczo6dGVzdF9sb2dfcmVzdWx0X3Rlc3RfbmFtZV9wcm9wZXJ0eToKCiAgLSBkdXJpbmcgZ2VuZXJhdGUgcGhhc2UgKDAuNjQgc2Vjb25kcyk6CiAgICAtIFR5cGljYWwgcnVudGltZXM6IH4gMS0xMiBtcywgb2Ygd2hpY2ggfiAwLTIgbXMgaW4gZGF0YSBnZW5lcmF0aW9uCiAgICAtIDEwMCBwYXNzaW5nIGV4YW1wbGVzLCAwIGZhaWxpbmcgZXhhbXBsZXMsIDAgaW52YWxpZCBleGFtcGxlcwoKICAtIFN0b3BwZWQgYmVjYXVzZSBzZXR0aW5ncy5tYXhfZXhhbXBsZXM9MTAw" /><property name="hypothesis-statistics-test_payguard_comprehensive_features.py::TestPayGuardFeatureTesterProperties::test_log_result_duration_property" value="dGVzdF9wYXlndWFyZF9jb21wcmVoZW5zaXZlX2ZlYXR1cmVzLnB5OjpUZXN0UGF5R3VhcmRGZWF0dXJlVGVzdGVyUHJvcGVydGllczo6dGVzdF9sb2dfcmVzdWx0X2R1cmF0aW9uX3Byb3BlcnR5OgoKICAtIGR1cmluZyBnZW5lcmF0ZSBwaGFzZSAoMC4yMCBzZWNvbmRzKToKICAgIC0gVHlwaWNhbCBydW50aW1lczogfiAwLTIgbXMsIG9mIHdoaWNoIDwgMW1zIGluIGRhdGEgZ2VuZXJhdGlvbgogICAgLSAxMDAgcGFzc2luZyBleGFtcGxlcywgMCBmYWlsaW5nIGV4YW1wbGVzLCAwIGludmFsaWQgZXhhbXBsZXMKCiAgLSBTdG9wcGVkIGJlY2F1c2Ugc2V0dGluZ3MubWF4X2V4YW1wbGVzPTEwMA==" /><property name="hypothesis-statistics-test_payguard_comprehensive_features.py::TestPayGuardFeatureTesterProperties::test_validate_risk_assessment_trust_score_property" value="dGVzdF9wYXlndWFyZF9jb21wcmVoZW5zaXZlX2ZlYXR1cmVzLnB5OjpUZXN0UGF5R3VhcmRGZWF0dXJlVGVzdGVyUHJvcGVydGllczo6dGVzdF92YWxpZGF0ZV9yaXNrX2Fzc2Vzc21lbnRfdHJ1c3Rfc2NvcmVfcHJvcGVydHk6CgogIC0gZHVyaW5nIGdlbmVyYXRlIHBoYXNlICgwLjE2IHNlY29uZHMpOgogICAgLSBUeXBpY2FsIHJ1bnRpbWVzOiB+IDAtMiBtcywgb2Ygd2hpY2ggPCAxbXMgaW4gZGF0YSBnZW5lcmF0aW9uCiAgICAtIDEwMCBwYXNzaW5nIGV4YW1wbGVzLCAwIGZhaWxpbmcgZXhhbXBsZXMsIDAgaW52YWxpZCBleGFtcGxlcwoKICAtIFN0b3BwZWQgYmVjYXVzZSBzZXR0aW5ncy5tYXhfZXhhbXBsZXM9MTAw" /></properties><testcase classname="test_payguard_comprehensive_features.TestPayGuardFeatureTesterUnit" name="test_config_initialization" time="1.586" /><testcase classname="test_payguard_comprehensive_features.TestPayGuardFeatureTesterUnit" name="test_tester_initialization" time="0.002" /><testcase classname="test_payguard_comprehensive_features.TestPayGuardFeatureTesterUnit" name="test_log_result_pass" time="0.002" /><testcase classname="test_payguard_comprehensive_features.TestPayGuardFeatureTesterUnit" name="test_log_result_fail_with_error" time="0.002" /><testcase classname="test_payguard_comprehensive_features.TestPayGuardFeatureTesterUnit" name="test_validate_risk_assessment_legitimate" time="0.001" /><testcase classname="test_payguard_comprehensive_features.TestPayGuardFeatureTesterUnit" name="test_validate_risk_assessment_suspicious" time="0.002" /><testcase classname="test_payguard_comprehensive_features.TestPayGuardFeatureTesterUnit" name="test_validate_risk_assessment_malicious" time="0.001" /><testcase classname="test_payguard_comprehensive_features.TestPayGuardFeatureTesterUnit" name="test_cleanup_temp_files" time="0.002" /><testcase classname="test_payguard_comprehensive_features.TestPayGuardFeatureTesterUnit" name="test_check_agent_status_running" time="0.004" /><testcase classname="test_payguard_comprehensive_features.TestPayGuardFeatureTesterUnit" name="test_check_agent_status_not_running" time="0.002" /><testcase classname="test_payguard_comprehensive_features.TestPayGuardFeatureTesterUnit" name="test_check_agent_status_exception" time="0.002" /><testcase classname="test_payguard_comprehensive_features.TestPayGuardFeatureTesterImageGeneration" name="test_generate_test_scam_image_success" time="0.002"><failure message="AttributeError: &lt;module 'test_all_payguard_features_comprehensive_optimized' from '/Users/ekans/payguard/test_all_payguard_features_comprehensive_optimized.py'&gt; does not have the attribute 'ImageFont'">/Library/Frameworks/Python.framework/Versions/3.13/lib/python3.13/unittest/mock.py:1423: in patched
    with self.decoration_helper(patched,
/Library/Frameworks/Python.framework/Versions/3.13/lib/python3.13/contextlib.py:141: in __enter__
    return next(self.gen)
           ^^^^^^^^^^^^^^
/Library/Frameworks/Python.framework/Versions/3.13/lib/python3.13/unittest/mock.py:1405: in decoration_helper
    arg = exit_stack.enter_context(patching)
          ^^^^^^^^^^^^^^^^^^^^^^^^^^^^^^^^^^
/Library/Frameworks/Python.framework/Versions/3.13/lib/python3.13/contextlib.py:530: in enter_context
    result = _enter(cm)
             ^^^^^^^^^^
/Library/Frameworks/Python.framework/Versions/3.13/lib/python3.13/unittest/mock.py:1497: in __enter__
    original, local = self.get_original()
                      ^^^^^^^^^^^^^^^^^^^
/Library/Frameworks/Python.framework/Versions/3.13/lib/python3.13/unittest/mock.py:1467: in get_original
    raise AttributeError(
E   AttributeError: &lt;module 'test_all_payguard_features_comprehensive_optimized' from '/Users/ekans/payguard/test_all_payguard_features_comprehensive_optimized.py'&gt; does not have the attribute 'ImageFont'</failure></testcase><testcase classname="test_payguard_comprehensive_features.TestPayGuardFeatureTesterImageGeneration" name="test_generate_test_scam_image_no_pil" time="0.004"><failure message="AttributeError: &lt;module 'test_all_payguard_features_comprehensive_optimized' from '/Users/ekans/payguard/test_all_payguard_features_comprehensive_optimized.py'&gt; does not have the attribute 'Image'">tests/test_payguard_comprehensive_features.py:183: in test_generate_test_scam_image_no_pil
    with patch('test_all_payguard_features_comprehensive_optimized.Image', side_effect=ImportError):
         ^^^^^^^^^^^^^^^^^^^^^^^^^^^^^^^^^^^^^^^^^^^^^^^^^^^^^^^^^^^^^^^^^^^^^^^^^^^^^^^^^^^^^^^^^^
/Library/Frameworks/Python.framework/Versions/3.13/lib/python3.13/unittest/mock.py:1497: in __enter__
    original, local = self.get_original()
                      ^^^^^^^^^^^^^^^^^^^
/Library/Frameworks/Python.framework/Versions/3.13/lib/python3.13/unittest/mock.py:1467: in get_original
    raise AttributeError(
E   AttributeError: &lt;module 'test_all_payguard_features_comprehensive_optimized' from '/Users/ekans/payguard/test_all_payguard_features_comprehensive_optimized.py'&gt; does not have the attribute 'Image'</failure></testcase><testcase classname="test_payguard_comprehensive_features.TestPayGuardFeatureTesterImageGeneration" name="test_generate_test_scam_image_exception" time="0.002"><failure message="AttributeError: &lt;module 'test_all_payguard_features_comprehensive_optimized' from '/Users/ekans/payguard/test_all_payguard_features_comprehensive_optimized.py'&gt; does not have the attribute 'Image'">/Library/Frameworks/Python.framework/Versions/3.13/lib/python3.13/unittest/mock.py:1423: in patched
    with self.decoration_helper(patched,
/Library/Frameworks/Python.framework/Versions/3.13/lib/python3.13/contextlib.py:141: in __enter__
    return next(self.gen)
           ^^^^^^^^^^^^^^
/Library/Frameworks/Python.framework/Versions/3.13/lib/python3.13/unittest/mock.py:1405: in decoration_helper
    arg = exit_stack.enter_context(patching)
          ^^^^^^^^^^^^^^^^^^^^^^^^^^^^^^^^^^
/Library/Frameworks/Python.framework/Versions/3.13/lib/python3.13/contextlib.py:530: in enter_context
    result = _enter(cm)
             ^^^^^^^^^^
/Library/Frameworks/Python.framework/Versions/3.13/lib/python3.13/unittest/mock.py:1497: in __enter__
    original, local = self.get_original()
                      ^^^^^^^^^^^^^^^^^^^
/Library/Frameworks/Python.framework/Versions/3.13/lib/python3.13/unittest/mock.py:1467: in get_original
    raise AttributeError(
E   AttributeError: &lt;module 'test_all_payguard_features_comprehensive_optimized' from '/Users/ekans/payguard/test_all_payguard_features_comprehensive_optimized.py'&gt; does not have the attribute 'Image'</failure></testcase><testcase classname="test_payguard_comprehensive_features.TestPayGuardFeatureTesterAsync" name="test_context_manager" time="0.007" /><testcase classname="test_payguard_comprehensive_features.TestPayGuardFeatureTesterAsync" name="test_make_request_with_retry_success" time="0.001"><error message="failed on setup with &quot;pytest.PytestRemovedIn9Warning: 'test_make_request_with_retry_success' requested an async fixture 'tester', with no plugin or hook that handled it. This is usually an error, as pytest does not natively support it. This will turn into an error in pytest 9.&#10;See: https://docs.pytest.org/en/stable/deprecations.html#sync-test-depending-on-async-fixture&quot;">/Library/Frameworks/Python.framework/Versions/3.13/lib/python3.13/site-packages/pytest_asyncio/plugin.py:458: in setup
    return super().setup()
           ^^^^^^^^^^^^^^^
/Library/Frameworks/Python.framework/Versions/3.13/lib/python3.13/site-packages/pytest_asyncio/plugin.py:728: in pytest_fixture_setup
    return (yield)
            ^^^^^
E   pytest.PytestRemovedIn9Warning: 'test_make_request_with_retry_success' requested an async fixture 'tester', with no plugin or hook that handled it. This is usually an error, as pytest does not natively support it. This will turn into an error in pytest 9.
E   See: https://docs.pytest.org/en/stable/deprecations.html#sync-test-depending-on-async-fixture</error></testcase><testcase classname="test_payguard_comprehensive_features.TestPayGuardFeatureTesterAsync" name="test_make_request_with_retry_timeout" time="0.003"><error message="failed on setup with &quot;pytest.PytestRemovedIn9Warning: 'test_make_request_with_retry_timeout' requested an async fixture 'tester', with no plugin or hook that handled it. This is usually an error, as pytest does not natively support it. This will turn into an error in pytest 9.&#10;See: https://docs.pytest.org/en/stable/deprecations.html#sync-test-depending-on-async-fixture&quot;">/Library/Frameworks/Python.framework/Versions/3.13/lib/python3.13/site-packages/pytest_asyncio/plugin.py:458: in setup
    return super().setup()
           ^^^^^^^^^^^^^^^
/Library/Frameworks/Python.framework/Versions/3.13/lib/python3.13/site-packages/pytest_asyncio/plugin.py:728: in pytest_fixture_setup
    return (yield)
            ^^^^^
E   pytest.PytestRemovedIn9Warning: 'test_make_request_with_retry_timeout' requested an async fixture 'tester', with no plugin or hook that handled it. This is usually an error, as pytest does not natively support it. This will turn into an error in pytest 9.
E   See: https://docs.pytest.org/en/stable/deprecations.html#sync-test-depending-on-async-fixture</error></testcase><testcase classname="test_payguard_comprehensive_features.TestPayGuardFeatureTesterAsync" name="test_make_request_with_retry_max_attempts" time="0.057"><error message="failed on setup with &quot;pytest.PytestRemovedIn9Warning: 'test_make_request_with_retry_max_attempts' requested an async fixture 'tester', with no plugin or hook that handled it. This is usually an error, as pytest does not natively support it. This will turn into an error in pytest 9.&#10;See: https://docs.pytest.org/en/stable/deprecations.html#sync-test-depending-on-async-fixture&quot;">/Library/Frameworks/Python.framework/Versions/3.13/lib/python3.13/site-packages/pytest_asyncio/plugin.py:458: in setup
    return super().setup()
           ^^^^^^^^^^^^^^^
/Library/Frameworks/Python.framework/Versions/3.13/lib/python3.13/site-packages/pytest_asyncio/plugin.py:728: in pytest_fixture_setup
    return (yield)
            ^^^^^
E   pytest.PytestRemovedIn9Warning: 'test_make_request_with_retry_max_attempts' requested an async fixture 'tester', with no plugin or hook that handled it. This is usually an error, as pytest does not natively support it. This will turn into an error in pytest 9.
E   See: https://docs.pytest.org/en/stable/deprecations.html#sync-test-depending-on-async-fixture</error></testcase><testcase classname="test_payguard_comprehensive_features.TestPayGuardFeatureTesterAsync" name="test_check_backend_health_success" time="0.006"><error message="failed on setup with &quot;pytest.PytestRemovedIn9Warning: 'test_check_backend_health_success' requested an async fixture 'tester', with no plugin or hook that handled it. This is usually an error, as pytest does not natively support it. This will turn into an error in pytest 9.&#10;See: https://docs.pytest.org/en/stable/deprecations.html#sync-test-depending-on-async-fixture&quot;">/Library/Frameworks/Python.framework/Versions/3.13/lib/python3.13/site-packages/pytest_asyncio/plugin.py:458: in setup
    return super().setup()
           ^^^^^^^^^^^^^^^
/Library/Frameworks/Python.framework/Versions/3.13/lib/python3.13/site-packages/pytest_asyncio/plugin.py:728: in pytest_fixture_setup
    return (yield)
            ^^^^^
E   pytest.PytestRemovedIn9Warning: 'test_check_backend_health_success' requested an async fixture 'tester', with no plugin or hook that handled it. This is usually an error, as pytest does not natively support it. This will turn into an error in pytest 9.
E   See: https://docs.pytest.org/en/stable/deprecations.html#sync-test-depending-on-async-fixture</error></testcase><testcase classname="test_payguard_comprehensive_features.TestPayGuardFeatureTesterAsync" name="test_check_backend_health_failure" time="0.005"><error message="failed on setup with &quot;pytest.PytestRemovedIn9Warning: 'test_check_backend_health_failure' requested an async fixture 'tester', with no plugin or hook that handled it. This is usually an error, as pytest does not natively support it. This will turn into an error in pytest 9.&#10;See: https://docs.pytest.org/en/stable/deprecations.html#sync-test-depending-on-async-fixture&quot;">/Library/Frameworks/Python.framework/Versions/3.13/lib/python3.13/site-packages/pytest_asyncio/plugin.py:458: in setup
    return super().setup()
           ^^^^^^^^^^^^^^^
/Library/Frameworks/Python.framework/Versions/3.13/lib/python3.13/site-packages/pytest_asyncio/plugin.py:728: in pytest_fixture_setup
    return (yield)
            ^^^^^
E   pytest.PytestRemovedIn9Warning: 'test_check_backend_health_failure' requested an async fixture 'tester', with no plugin or hook that handled it. This is usually an error, as pytest does not natively support it. This will turn into an error in pytest 9.
E   See: https://docs.pytest.org/en/stable/deprecations.html#sync-test-depending-on-async-fixture</error></testcase><testcase classname="test_payguard_comprehensive_features.TestPayGuardFeatureTesterAsync" name="test_check_backend_health_exception" time="0.003"><error message="failed on setup with &quot;pytest.PytestRemovedIn9Warning: 'test_check_backend_health_exception' requested an async fixture 'tester', with no plugin or hook that handled it. This is usually an error, as pytest does not natively support it. This will turn into an error in pytest 9.&#10;See: https://docs.pytest.org/en/stable/deprecations.html#sync-test-depending-on-async-fixture&quot;">/Library/Frameworks/Python.framework/Versions/3.13/lib/python3.13/site-packages/pytest_asyncio/plugin.py:458: in setup
    return super().setup()
           ^^^^^^^^^^^^^^^
/Library/Frameworks/Python.framework/Versions/3.13/lib/python3.13/site-packages/pytest_asyncio/plugin.py:728: in pytest_fixture_setup
    return (yield)
            ^^^^^
E   pytest.PytestRemovedIn9Warning: 'test_check_backend_health_exception' requested an async fixture 'tester', with no plugin or hook that handled it. This is usually an error, as pytest does not natively support it. This will turn into an error in pytest 9.
E   See: https://docs.pytest.org/en/stable/deprecations.html#sync-test-depending-on-async-fixture</error></testcase><testcase classname="test_payguard_comprehensive_features.TestPayGuardFeatureTesterIntegration" name="test_api_endpoints_batch_mock" time="0.006" /><testcase classname="test_payguard_comprehensive_features.TestPayGuardFeatureTesterIntegration" name="test_url_risk_analysis_batch_mock" time="0.007" /><testcase classname="test_payguard_comprehensive_features.TestPayGuardFeatureTesterIntegration" name="test_comprehensive_scam_patterns_mock" time="0.005"><failure message="assert False&#10; +  where False = all(&lt;generator object TestPayGuardFeatureTesterIntegration.test_comprehensive_scam_patterns_mock.&lt;locals&gt;.&lt;genexpr&gt; at 0x1110b2a80&gt;)">tests/test_payguard_comprehensive_features.py:396: in test_comprehensive_scam_patterns_mock
    assert all(r.status == TestStatus.PASS for r in tester.test_results)
E   assert False
E    +  where False = all(&lt;generator object TestPayGuardFeatureTesterIntegration.test_comprehensive_scam_patterns_mock.&lt;locals&gt;.&lt;genexpr&gt; at 0x1110b2a80&gt;)</failure></testcase><testcase classname="test_payguard_comprehensive_features.TestPayGuardFeatureTesterIntegration" name="test_performance_benchmarks_mock" time="0.015" /><testcase classname="test_payguard_comprehensive_features.TestPayGuardFeatureTesterEdgeCases" name="test_validate_risk_assessment_unknown_category" time="0.001" /><testcase classname="test_payguard_comprehensive_features.TestPayGuardFeatureTesterEdgeCases" name="test_log_result_with_none_values" time="0.001"><failure message="TypeError: unsupported format string passed to NoneType.__format__">tests/test_payguard_comprehensive_features.py:432: in test_log_result_with_none_values
    tester._log_result("Test", TestStatus.PASS, None, None)
test_all_payguard_features_comprehensive_optimized.py:128: in _log_result
    print(f"{status_icon[status]} {test_name}: {details} ({duration:.3f}s)")
                                                          ^^^^^^^^^^^^^^
E   TypeError: unsupported format string passed to NoneType.__format__</failure></testcase><testcase classname="test_payguard_comprehensive_features.TestPayGuardFeatureTesterEdgeCases" name="test_cleanup_temp_files_with_exception" time="0.003" /><testcase classname="test_payguard_comprehensive_features.TestPayGuardFeatureTesterEdgeCases" name="test_ai_image_detection_no_pil" time="0.002" /><testcase classname="test_payguard_comprehensive_features.TestPayGuardFeatureTesterReporting" name="test_generate_final_report" time="0.004" /><testcase classname="test_payguard_comprehensive_features.TestPayGuardFeatureTesterReporting" name="test_generate_final_report_all_pass" time="0.002" /><testcase classname="test_payguard_comprehensive_features.TestPayGuardFeatureTesterProperties" name="test_log_result_test_name_property" time="0.703" /><testcase classname="test_payguard_comprehensive_features.TestPayGuardFeatureTesterProperties" name="test_log_result_duration_property" time="0.211" /><testcase classname="test_payguard_comprehensive_features.TestPayGuardFeatureTesterProperties" name="test_validate_risk_assessment_trust_score_property" time="0.162" /></testsuite></testsuites>