TN:
SF:src/index.ts
FN:13,(anonymous_4)
FN:15,(anonymous_5)
FN:24,(anonymous_6)
FN:24,(anonymous_7)
FN:27,(anonymous_8)
FNF:5
FNH:0
FNDA:0,(anonymous_4)
FNDA:0,(anonymous_5)
FNDA:0,(anonymous_6)
FNDA:0,(anonymous_7)
FNDA:0,(anonymous_8)
DA:8,0
DA:9,0
DA:10,0
DA:13,0
DA:15,0
DA:24,0
DA:27,0
LF:7
LH:0
BRF:0
BRH:0
end_of_record
TN:
SF:src/audit/AuditLogger.ts
FN:23,(anonymous_0)
FN:27,(anonymous_1)
FN:51,(anonymous_2)
FN:56,(anonymous_3)
FN:60,(anonymous_4)
FN:64,(anonymous_5)
FN:68,(anonymous_6)
FN:78,(anonymous_7)
FN:100,(anonymous_8)
FN:133,(anonymous_9)
FN:147,(anonymous_10)
FN:151,(anonymous_11)
FN:160,(anonymous_12)
FN:174,(anonymous_13)
FN:176,(anonymous_14)
FN:184,(anonymous_15)
FN:189,(anonymous_16)
FN:190,(anonymous_17)
FN:192,(anonymous_18)
FNF:19
FNH:10
FNDA:48,(anonymous_0)
FNDA:52,(anonymous_1)
FNDA:4,(anonymous_2)
FNDA:6,(anonymous_3)
FNDA:4,(anonymous_4)
FNDA:0,(anonymous_5)
FNDA:0,(anonymous_6)
FNDA:0,(anonymous_7)
FNDA:1,(anonymous_8)
FNDA:57,(anonymous_9)
FNDA:52,(anonymous_10)
FNDA:55,(anonymous_11)
FNDA:1760,(anonymous_12)
FNDA:0,(anonymous_13)
FNDA:0,(anonymous_14)
FNDA:0,(anonymous_15)
FNDA:0,(anonymous_16)
FNDA:0,(anonymous_17)
FNDA:0,(anonymous_18)
DA:12,3
DA:18,3
DA:20,48
DA:21,48
DA:24,48
DA:28,52
DA:29,52
DA:33,52
DA:42,52
DA:44,52
DA:47,52
DA:48,52
DA:52,4
DA:55,4
DA:56,6
DA:59,4
DA:60,4
DA:63,4
DA:64,0
DA:67,4
DA:68,0
DA:71,4
DA:72,0
DA:75,4
DA:79,0
DA:83,0
DA:85,0
DA:86,0
DA:88,0
DA:89,0
DA:91,0
DA:92,0
DA:94,0
DA:97,0
DA:101,1
DA:102,1
DA:104,1
DA:106,1
DA:107,3
DA:110,3
DA:111,0
DA:115,3
DA:120,3
DA:121,0
DA:124,3
DA:127,1
DA:134,57
DA:135,57
DA:136,33
DA:139,24
DA:140,24
DA:141,24
DA:143,0
DA:148,52
DA:152,55
DA:153,55
DA:154,55
DA:157,55
DA:158,55
DA:159,55
DA:160,1760
DA:165,0
DA:166,0
DA:167,0
DA:168,0
DA:169,0
DA:171,0
DA:175,0
DA:176,0
DA:184,0
DA:186,0
DA:190,0
DA:191,0
DA:192,0
DA:194,0
LF:75
LH:45
BRDA:29,0,0,19
BRDA:29,0,1,33
BRDA:55,1,0,4
BRDA:59,2,0,3
BRDA:63,3,0,0
BRDA:67,4,0,0
BRDA:71,5,0,0
BRDA:83,6,0,0
BRDA:83,6,1,0
BRDA:83,6,2,0
BRDA:83,6,3,0
BRDA:110,7,0,0
BRDA:120,8,0,0
BRDA:135,9,0,33
BRDA:157,10,0,55
BRDA:157,11,0,55
BRDA:157,11,1,55
BRF:17
BRH:8
end_of_record
TN:
SF:src/consent/ConsentManager.ts
FN:72,(anonymous_0)
FN:82,(anonymous_1)
FN:120,(anonymous_2)
FN:139,(anonymous_3)
FN:188,(anonymous_4)
FN:240,(anonymous_5)
FN:300,(anonymous_6)
FN:310,(anonymous_7)
FN:320,(anonymous_8)
FN:329,(anonymous_9)
FN:340,(anonymous_10)
FN:352,(anonymous_11)
FN:362,(anonymous_12)
FN:383,(anonymous_13)
FN:415,(anonymous_14)
FN:421,(anonymous_15)
FN:429,(anonymous_16)
FN:436,(anonymous_17)
FN:450,(anonymous_18)
FN:457,(anonymous_19)
FNF:20
FNH:18
FNDA:54,(anonymous_0)
FNDA:53,(anonymous_1)
FNDA:5,(anonymous_2)
FNDA:3,(anonymous_3)
FNDA:34,(anonymous_4)
FNDA:13,(anonymous_5)
FNDA:44,(anonymous_6)
FNDA:5,(anonymous_7)
FNDA:3,(anonymous_8)
FNDA:1,(anonymous_9)
FNDA:3,(anonymous_10)
FNDA:0,(anonymous_11)
FNDA:25,(anonymous_12)
FNDA:2,(anonymous_13)
FNDA:106,(anonymous_14)
FNDA:49,(anonymous_15)
FNDA:47,(anonymous_16)
FNDA:47,(anonymous_17)
FNDA:47,(anonymous_18)
FNDA:0,(anonymous_19)
DA:14,3
DA:25,3
DA:63,3
DA:67,54
DA:68,54
DA:69,54
DA:70,54
DA:73,54
DA:74,54
DA:75,54
DA:83,53
DA:84,0
DA:87,53
DA:89,53
DA:90,53
DA:91,5
DA:92,5
DA:95,5
DA:96,0
DA:101,53
DA:102,53
DA:103,5
DA:106,53
DA:109,0
DA:110,0
DA:111,0
DA:112,0
DA:121,5
DA:122,5
DA:143,3
DA:145,3
DA:148,3
DA:159,3
DA:160,1
DA:171,2
DA:189,34
DA:191,34
DA:193,34
DA:194,0
DA:198,34
DA:199,34
DA:202,34
DA:211,34
DA:214,34
DA:215,34
DA:218,34
DA:229,34
DA:241,13
DA:243,13
DA:245,13
DA:246,0
DA:250,13
DA:251,13
DA:252,2
DA:253,2
DA:255,1
DA:261,13
DA:262,13
DA:265,13
DA:274,13
DA:277,13
DA:278,13
DA:281,13
DA:291,13
DA:301,44
DA:302,43
DA:311,5
DA:312,5
DA:321,3
DA:330,1
DA:344,3
DA:353,0
DA:363,25
DA:376,25
DA:384,2
DA:387,2
DA:388,1
DA:389,1
DA:390,1
DA:392,0
DA:398,2
DA:401,2
DA:410,2
DA:416,106
DA:417,1
DA:422,49
DA:423,49
DA:430,47
DA:441,47
DA:442,3
DA:443,3
DA:445,0
DA:451,47
DA:452,47
DA:454,0
DA:460,0
DA:461,0
DA:462,0
LF:98
LH:83
BRDA:83,0,0,0
BRDA:90,1,0,5
BRDA:95,2,0,0
BRDA:102,3,0,5
BRDA:145,4,0,3
BRDA:145,4,1,2
BRDA:159,5,0,1
BRDA:191,6,0,34
BRDA:191,6,1,34
BRDA:193,7,0,0
BRDA:243,8,0,13
BRDA:243,8,1,0
BRDA:245,9,0,0
BRDA:251,10,0,2
BRDA:302,11,0,43
BRDA:302,11,1,35
BRDA:376,12,0,25
BRDA:376,12,1,0
BRDA:388,13,0,1
BRDA:416,14,0,1
BRDA:451,15,0,47
BRF:21
BRH:15
end_of_record
TN:
SF:src/consent/ConsentUI.ts
FN:56,(anonymous_0)
FN:74,(anonymous_1)
FN:118,(anonymous_2)
FN:122,(anonymous_3)
FN:138,(anonymous_4)
FN:139,(anonymous_5)
FN:163,(anonymous_6)
FN:177,(anonymous_7)
FN:184,(anonymous_8)
FN:195,(anonymous_9)
FN:206,(anonymous_10)
FNF:11
FNH:11
FNDA:9,(anonymous_0)
FNDA:2,(anonymous_1)
FNDA:1,(anonymous_2)
FNDA:5,(anonymous_3)
FNDA:4,(anonymous_4)
FNDA:20,(anonymous_5)
FNDA:2,(anonymous_6)
FNDA:1,(anonymous_7)
FNDA:1,(anonymous_8)
FNDA:20,(anonymous_9)
FNDA:20,(anonymous_10)
DA:10,1
DA:52,1
DA:54,9
DA:57,9
DA:75,2
DA:78,2
DA:79,1
DA:87,1
DA:88,1
DA:89,0
DA:93,1
DA:94,1
DA:96,1
DA:97,1
DA:100,1
DA:101,0
DA:104,1
DA:106,1
DA:119,1
DA:122,1
DA:123,5
DA:130,1
DA:139,20
DA:147,4
DA:168,2
DA:169,1
DA:171,1
DA:184,1
DA:187,1
DA:196,20
DA:203,20
DA:207,20
DA:214,20
LF:33
LH:31
BRDA:78,0,0,1
BRDA:88,1,0,0
BRDA:100,2,0,0
BRDA:166,3,0,2
BRDA:168,4,0,1
BRDA:168,4,1,1
BRDA:203,5,0,20
BRDA:203,5,1,0
BRDA:214,6,0,20
BRDA:214,6,1,0
BRF:10
BRH:6
end_of_record
TN:
SF:src/storage/SecureStorage.ts
FN:18,(anonymous_0)
FN:22,(anonymous_1)
FN:26,(anonymous_2)
FN:28,(anonymous_3)
FN:43,(anonymous_4)
FN:44,(anonymous_5)
FN:46,(anonymous_6)
FN:67,(anonymous_7)
FN:68,(anonymous_8)
FN:70,(anonymous_9)
FN:85,(anonymous_10)
FN:90,(anonymous_11)
FN:98,(anonymous_12)
FN:106,(anonymous_13)
FNF:14
FNH:11
FNDA:51,(anonymous_0)
FNDA:148,(anonymous_1)
FNDA:148,(anonymous_2)
FNDA:148,(anonymous_3)
FNDA:163,(anonymous_4)
FNDA:163,(anonymous_5)
FNDA:163,(anonymous_6)
FNDA:0,(anonymous_7)
FNDA:0,(anonymous_8)
FNDA:0,(anonymous_9)
FNDA:96,(anonymous_10)
FNDA:106,(anonymous_11)
FNDA:148,(anonymous_12)
FNDA:34,(anonymous_13)
DA:18,3
DA:19,51
DA:20,51
DA:24,148
DA:26,148
DA:27,148
DA:28,148
DA:29,148
DA:30,0
DA:32,148
DA:37,0
DA:38,0
DA:44,163
DA:45,163
DA:46,163
DA:47,163
DA:48,0
DA:49,163
DA:50,34
DA:52,129
DA:57,0
DA:58,0
DA:59,0
DA:61,0
DA:68,0
DA:69,0
DA:70,0
DA:71,0
DA:72,0
DA:74,0
DA:79,0
DA:80,0
DA:86,96
DA:87,96
DA:91,106
DA:92,106
DA:93,10
DA:95,96
DA:99,148
DA:100,148
DA:101,45072
DA:103,148
DA:107,34
DA:108,34
DA:109,34
DA:110,13661
DA:112,34
DA:117,3
LF:48
LH:32
BRDA:27,0,0,148
BRDA:27,0,1,0
BRDA:27,1,0,148
BRDA:27,1,1,148
BRDA:29,2,0,0
BRDA:29,2,1,148
BRDA:45,3,0,163
BRDA:45,3,1,0
BRDA:45,4,0,163
BRDA:45,4,1,163
BRDA:47,5,0,0
BRDA:47,5,1,163
BRDA:49,6,0,34
BRDA:49,6,1,129
BRDA:58,7,0,0
BRDA:58,7,1,0
BRDA:69,8,0,0
BRDA:69,8,1,0
BRDA:69,9,0,0
BRDA:69,9,1,0
BRDA:71,10,0,0
BRDA:71,10,1,0
BRDA:92,11,0,10
BRF:23
BRH:11
end_of_record
TN:
SF:src/types/consent.ts
FN:12,(anonymous_0)
FN:99,createDefaultConsentState
FN:103,(anonymous_2)
FN:117,serializeConsentState
FN:119,(anonymous_4)
FN:133,deserializeConsentState
FN:137,(anonymous_6)
FN:142,(anonymous_7)
FNF:8
FNH:8
FNDA:3,(anonymous_0)
FNDA:56,createDefaultConsentState
FNDA:280,(anonymous_2)
FNDA:49,serializeConsentState
FNDA:245,(anonymous_4)
FNDA:5,deserializeConsentState
FNDA:25,(anonymous_6)
FNDA:25,(anonymous_7)
DA:12,3
DA:14,3
DA:17,3
DA:20,3
DA:23,3
DA:26,3
DA:93,3
DA:99,3
DA:100,56
DA:103,56
DA:104,280
DA:107,56
DA:117,3
DA:118,49
DA:119,49
DA:120,245
DA:123,49
DA:133,3
DA:134,5
DA:137,5
DA:138,25
DA:142,5
DA:143,25
DA:144,25
DA:148,5
LF:25
LH:25
BRDA:12,0,0,3
BRDA:12,0,1,3
BRDA:143,1,0,25
BRF:3
BRH:3
end_of_record
TN:
SF:src/types/storage.ts
FNF:0
FNH:0
DA:51,3
LF:1
LH:1
BRF:0
BRH:0
end_of_record
